0 info it worked if it ends with ok
1 verbose cli [
1 verbose cli   '/home/josephine/.nvm/versions/node/v14.15.0/bin/node',
1 verbose cli   '/home/josephine/.nvm/versions/node/v14.15.0/bin/npm',
1 verbose cli   'install',
1 verbose cli   'element-plus',
1 verbose cli   '--save'
1 verbose cli ]
2 info using npm@3.10.10
3 info using node@v14.15.0
4 silly loadCurrentTree Starting
5 silly install loadCurrentTree
6 silly install readLocalPackageData
7 verbose stack TypeError: cb.apply is not a function
7 verbose stack     at /home/josephine/.nvm/versions/node/v14.15.0/lib/node_modules/npm/node_modules/graceful-fs/polyfills.js:267:18
7 verbose stack     at FSReqCallback.oncomplete (fs.js:184:5)
8 verbose cwd /home/josephine/code/josephine-dujardin/DevTheory-2eme-module
9 error Linux 5.4.72-microsoft-standard-WSL2
10 error argv "/home/josephine/.nvm/versions/node/v14.15.0/bin/node" "/home/josephine/.nvm/versions/node/v14.15.0/bin/npm" "install" "element-plus" "--save"
11 error node v14.15.0
12 error npm  v3.10.10
13 error cb.apply is not a function
14 error If you need help, you may report this error at:
14 error     <https://github.com/npm/npm/issues>
15 verbose exit [ 1, true ]
